<component name="ArtifactManager">
  <artifact type="war" name="JUnit:war">
    <output-path>$PROJECT_DIR$/target</output-path>
    <root id="archive" name="JUnit-1.0-SNAPSHOT.war">
      <element id="artifact" artifact-name="JUnit:war exploded" />
    </root>
  </artifact>
</component>