<component name="ArtifactManager">
  <artifact type="exploded-war" name="JUnit:war exploded">
    <output-path>$PROJECT_DIR$/target/JUnit-1.0-SNAPSHOT</output-path>
    <root id="root">
      <element id="directory" name="WEB-INF">
        <element id="directory" name="classes">
          <element id="module-output" name="JUnit" />
        </element>
        <element id="directory" name="lib">
          <element id="library" level="project" name="Maven: junit:junit:4.12" />
          <element id="library" level="project" name="Maven: org.hamcrest:hamcrest-core:1.3" />
          <element id="library" level="project" name="Maven: org.hamcrest:hamcrest-all:1.3" />
          <element id="library" level="project" name="Maven: org.mortbay.jetty:jetty:6.1.25" />
          <element id="library" level="project" name="Maven: org.mortbay.jetty:jetty-util:6.1.25" />
          <element id="library" level="project" name="Maven: org.mortbay.jetty:servlet-api:2.5-20081211" />
          <element id="library" level="project" name="Maven: commons-logging:commons-logging:1.2" />
          <element id="library" level="project" name="Maven: mysql:mysql-connector-java:5.1.39" />
          <element id="library" level="project" name="Maven: org.easymock:easymock:3.1" />
          <element id="library" level="project" name="Maven: cglib:cglib-nodep:2.2.2" />
          <element id="library" level="project" name="Maven: org.objenesis:objenesis:1.2" />
          <element id="library" level="project" name="Maven: httpunit:httpunit:1.7" />
          <element id="library" level="project" name="Maven: javax.servlet:servlet-api:2.3" />
          <element id="library" level="project" name="Maven: jtidy:jtidy:4aug2000r7-dev" />
          <element id="library" level="project" name="Maven: org.springframework:spring-web:4.3.2.RELEASE" />
          <element id="library" level="project" name="Maven: org.springframework:spring-aop:4.3.2.RELEASE" />
          <element id="library" level="project" name="Maven: org.springframework:spring-beans:4.3.2.RELEASE" />
          <element id="library" level="project" name="Maven: org.springframework:spring-context:4.3.2.RELEASE" />
          <element id="library" level="project" name="Maven: org.springframework:spring-core:4.3.2.RELEASE" />
          <element id="library" level="project" name="Maven: org.springframework:spring-webmvc:4.3.2.RELEASE" />
          <element id="library" level="project" name="Maven: org.springframework:spring-expression:4.3.2.RELEASE" />
          <element id="library" level="project" name="Maven: javax.servlet:jstl:1.2" />
          <element id="library" level="project" name="Maven: org.mockito:mockito-all:1.9.5" />
          <element id="library" level="project" name="Maven: org.springframework:spring-test:4.2.5.RELEASE" />
        </element>
      </element>
      <element id="directory" name="META-INF">
        <element id="file-copy" path="$PROJECT_DIR$/target/JUnit-1.0-SNAPSHOT/META-INF/MANIFEST.MF" />
      </element>
      <element id="javaee-facet-resources" facet="JUnit/web/Web" />
    </root>
  </artifact>
</component>